<?xml version="1.0" encoding="UTF-8"?>
<testsuite name="com.dmdev.junit.service.UserServiceTest" tests="1" skipped="0" failures="0" errors="0" timestamp="2021-07-09T09:06:12" hostname="DESKTOP-44JD0T9" time="0.029">
  <properties/>
  <testcase name="usersEmptyIfNoUserAdded()" classname="com.dmdev.junit.service.UserServiceTest" time="0.029"/>
  <system-out><![CDATA[]]></system-out>
  <system-err><![CDATA[]]></system-err>
</testsuite>
